<?xml version="1.0" encoding="UTF-8"?>
<testng-results ignored="0" total="1" passed="1" failed="0" skipped="0">
  <reporter-output>
  </reporter-output>
  <suite started-at="2024-01-23T16:23:32 IST" name="Default suite" finished-at="2024-01-23T16:24:02 IST" duration-ms="29352">
    <groups>
    </groups>
    <test started-at="2024-01-23T16:23:32 IST" name="Default test" finished-at="2024-01-23T16:24:02 IST" duration-ms="29352">
      <class name="com.tka.jsexecutor.JavaScriptEx">
        <test-method signature="test01()[pri:0, instance:com.tka.jsexecutor.JavaScriptEx@6d4d66d2]" started-at="2024-01-23T16:23:33 IST" name="test01" finished-at="2024-01-23T16:24:02 IST" duration-ms="29267" status="PASS">
          <reporter-output>
          </reporter-output>
        </test-method> <!-- test01 -->
      </class> <!-- com.tka.jsexecutor.JavaScriptEx -->
    </test> <!-- Default test -->
  </suite> <!-- Default suite -->
</testng-results>
