<?xml version="1.0" encoding="UTF-8"?>
<!-- Generated by org.testng.reporters.JUnitXMLReporter -->
<testsuite ignored="5" hostname="DESKTOP-8IVB9T2" failures="0" tests="2" name="FF Tests" time="0.096" errors="0" timestamp="2024-01-19T12:27:47 IST">
  <testcase classname="com.tests.DemoTest2" name="login" time="0.011"/>
  <testcase classname="com.tests.DemoTest2" name="user" time="0.005"/>
  <testcase classname="com.tests.DemoTest" name="dashboard" time="0.0">
    <ignored/>
  </testcase> <!-- dashboard -->
  <testcase classname="com.tests.DemoTest" name="user" time="0.0">
    <ignored/>
  </testcase> <!-- user -->
  <testcase classname="com.tests.DemoTest2" name="logout" time="0.0">
    <ignored/>
  </testcase> <!-- logout -->
  <testcase classname="com.tests.DemoTest" name="login" time="0.0">
    <ignored/>
  </testcase> <!-- login -->
  <testcase classname="com.tests.DemoTest2" name="dashboard" time="0.0">
    <ignored/>
  </testcase> <!-- dashboard -->
</testsuite> <!-- FF Tests -->
